[+] Containers:
 |- [+] Container: /Game/Level/gamesjamtest1
 |   |- [+] ActorDescs:
 |   |   |- Guid:042ED07A403BAF4061873CA41D7A5962 BaseClass: NativeClass:/Script/Engine.VolumetricCloud Name:VolumetricCloud_UAID_A85E45CFE40401D200_1470381760 Label:VolumetricCloud SpatiallyLoaded:0 Bounds:IsValid=true, Min=(X=0.000 Y=0.000 Z=0.000), Max=(X=0.000 Y=0.000 Z=0.000) RuntimeGrid:None EditorOnly:0 RuntimeOnly:0 HLODRelevant:0 FolderPath:Lighting FolderGuid:B7E9BD5B45A652654791988DEF54CCEB
 |   |   |- Guid:15A4E0904D159DFD80719FBEC2A70A43 BaseClass: NativeClass:/Script/Paper2D.PaperTileMapActor Name:PaperTileMapActor_UAID_0068EBC33FADC3D301_1508346295 Label:T_RoadTilemap SpatiallyLoaded:1 Bounds:IsValid=true, Min=(X=4540.000 Y=140.000 Z=1.000), Max=(X=4540.000 Y=140.000 Z=1.000) RuntimeGrid:None EditorOnly:0 RuntimeOnly:0 HLODRelevant:0
 |   |   |- Guid:2BE7B68D47E288E65FC0849EAF40150C BaseClass: NativeClass:/Script/Landscape.LandscapeStreamingProxy Name:LandscapeStreamingProxy_D7T4VF4LBP34PHV9XOEVM5TIG_1_3_3_0 Label:LandscapeStreamingProxy_3_3_0 SpatiallyLoaded:1 Bounds:IsValid=true, Min=(X=-25200.000 Y=-25200.000 Z=-100.000), Max=(X=0.000 Y=0.000 Z=100.000) RuntimeGrid:None EditorOnly:0 RuntimeOnly:0 HLODRelevant:1
 |   |   |- Guid:30A9864B4FC860F7F9A0D79550C7355B BaseClass: NativeClass:/Script/Landscape.Landscape Name:Landscape_UAID_A85E45CFE404FBD100_1221515703 Label:Landscape SpatiallyLoaded:0 Bounds:IsValid=true, Min=(X=-100800.000 Y=-100800.000 Z=100.000), Max=(X=-100800.000 Y=-100800.000 Z=100.000) RuntimeGrid:None EditorOnly:0 RuntimeOnly:0 HLODRelevant:0
 |   |   |- Guid:42E319CE4D1B868C9B03A7AFF3527B2C BaseClass:/Game/Blueprint/Spawners_And_Managers/BP_Spawner.BP_Spawner_C NativeClass:/Script/Engine.Actor Name:BP_Spawner_C_UAID_0068EBC33FADA1D301_1222726311 Label:BP_Spawner SpatiallyLoaded:1 Bounds:IsValid=true, Min=(X=0.000 Y=700.000 Z=100.000), Max=(X=0.000 Y=700.000 Z=100.000) RuntimeGrid:None EditorOnly:0 RuntimeOnly:0 HLODRelevant:0
 |   |   |- Guid:4747B9424B0E1F9BA40ADAA4719C5555 BaseClass: NativeClass:/Script/Paper2D.PaperTileMapActor Name:PaperTileMapActor_UAID_0068EBC33FADCDD301_1146759072 Label:T_TileGameMap SpatiallyLoaded:1 Bounds:IsValid=true, Min=(X=-22000.000 Y=-64000.000 Z=-199.001), Max=(X=42000.000 Y=0.000 Z=201.000) RuntimeGrid:None EditorOnly:0 RuntimeOnly:0 HLODRelevant:0
 |   |   |- Guid:4EFE5A124804C47FAB0626803B95D6B2 BaseClass: NativeClass:/Script/Engine.ExponentialHeightFog Name:ExponentialHeightFog_UAID_A85E45CFE40401D200_1470382763 Label:ExponentialHeightFog SpatiallyLoaded:0 Bounds:IsValid=true, Min=(X=-5600.000 Y=-50.000 Z=-6850.000), Max=(X=-5600.000 Y=-50.000 Z=-6850.000) RuntimeGrid:None EditorOnly:0 RuntimeOnly:0 HLODRelevant:0 FolderPath:Lighting FolderGuid:B7E9BD5B45A652654791988DEF54CCEB
 |   |   |- Guid:517FC4EF4058CC177B3E50B9F9BB4312 BaseClass: NativeClass:/Script/Engine.SkyAtmosphere Name:SkyAtmosphere_UAID_A85E45CFE40401D200_1470382762 Label:SkyAtmosphere SpatiallyLoaded:0 Bounds:IsValid=true, Min=(X=0.000 Y=0.000 Z=0.000), Max=(X=0.000 Y=0.000 Z=0.000) RuntimeGrid:None EditorOnly:0 RuntimeOnly:0 HLODRelevant:0 FolderPath:Lighting FolderGuid:B7E9BD5B45A652654791988DEF54CCEB
 |   |   |- Guid:6F4986D240721C31CEED6C8F266B2F0A BaseClass: NativeClass:/Script/Paper2D.PaperTileMapActor Name:PaperTileMapActor_UAID_0068EBC33FADC3D301_2083190299 Label:T_RoadTilemap3 SpatiallyLoaded:1 Bounds:IsValid=true, Min=(X=4860.000 Y=140.000 Z=1.000), Max=(X=4860.000 Y=140.000 Z=1.000) RuntimeGrid:None EditorOnly:0 RuntimeOnly:0 HLODRelevant:0
 |   |   |- Guid:70028CB643D95D3566CED4B03AC74F8A BaseClass: NativeClass:/Script/Paper2D.PaperTileMapActor Name:PaperTileMapActor_UAID_0068EBC33FADC3D301_2075779298 Label:T_RoadTilemap2 SpatiallyLoaded:1 Bounds:IsValid=true, Min=(X=4220.000 Y=140.000 Z=1.000), Max=(X=4220.000 Y=140.000 Z=1.000) RuntimeGrid:None EditorOnly:0 RuntimeOnly:0 HLODRelevant:0
 |   |   |- Guid:77156B7845760D95106CEEAC80565519 BaseClass:/Game/Blueprint/Spawners_And_Managers/BP_Spawner.BP_Spawner_C NativeClass:/Script/Engine.Actor Name:BP_Spawner_C_UAID_6C02E05F1EC1A6D301_2127349191 Label:BP_Spawner2 SpatiallyLoaded:1 Bounds:IsValid=true, Min=(X=400.000 Y=800.000 Z=100.000), Max=(X=400.000 Y=800.000 Z=100.000) RuntimeGrid:None EditorOnly:0 RuntimeOnly:0 HLODRelevant:0
 |   |   |- Guid:94100E074774DC70BA23F19035BB68CA BaseClass: NativeClass:/Script/Engine.WorldDataLayers Name:WorldDataLayers Label:WorldDataLayers-1 SpatiallyLoaded:0 Bounds:IsValid=true, Min=(X=0.000 Y=0.000 Z=0.000), Max=(X=0.000 Y=0.000 Z=0.000) RuntimeGrid:None EditorOnly:0 RuntimeOnly:0 HLODRelevant:0
 |   |   |- Guid:BA1B419C4775F48062BC2FA3A890B566 BaseClass: NativeClass:/Script/Paper2D.PaperTileMapActor Name:PaperTileMapActor_UAID_0068EBC33FADC4D301_1160367476 Label:T_CornerRoadTilemap SpatiallyLoaded:1 Bounds:IsValid=true, Min=(X=5420.000 Y=140.000 Z=1.000), Max=(X=5420.000 Y=140.000 Z=1.000) RuntimeGrid:None EditorOnly:0 RuntimeOnly:0 HLODRelevant:0
 |   |   |- Guid:DD5F8E13479AE3E764ECB69E9F3F01B0 BaseClass: NativeClass:/Script/Engine.DirectionalLight Name:DirectionalLight_UAID_A85E45CFE40401D200_1470382761 Label:DirectionalLight SpatiallyLoaded:0 Bounds:IsValid=true, Min=(X=-4398046511104.000 Y=-4398046511104.000 Z=-4398046511104.000), Max=(X=4398046511104.000 Y=4398046511104.000 Z=4398046511104.000) RuntimeGrid:None EditorOnly:0 RuntimeOnly:0 HLODRelevant:0 FolderPath:Lighting FolderGuid:B7E9BD5B45A652654791988DEF54CCEB
 |   |   |- Guid:E1EEECF84B86473E841F499A5979B798 BaseClass: NativeClass:/Script/NavigationSystem.RecastNavMesh Name:RecastNavMesh_UAID_6C02E05F2016ACD301-Default Label:RecastNavMesh-Default SpatiallyLoaded:0 Bounds:IsValid=true, Min=(X=0.000 Y=0.000 Z=0.000), Max=(X=0.000 Y=0.000 Z=0.000) RuntimeGrid:None EditorOnly:0 RuntimeOnly:0 HLODRelevant:0
 |   |   |- Guid:F0A81FA248537C8B38E3AFA02C83B668 BaseClass:/Game/Blueprint/Spawners_And_Managers/BP_Manager.BP_Manager_C NativeClass:/Script/Engine.Actor Name:BP_Manager_C_UAID_0068EBC33FADA1D301_1228731312 Label:BP_Manager SpatiallyLoaded:1 Bounds:IsValid=true, Min=(X=0.000 Y=-100.000 Z=100.000), Max=(X=0.000 Y=-100.000 Z=100.000) RuntimeGrid:None EditorOnly:0 RuntimeOnly:0 HLODRelevant:0
 |   |   |- Guid:F19040444B09E281D69CE8922C9D67F0 BaseClass: NativeClass:/Script/Paper2D.PaperTileMapActor Name:PaperTileMapActor_UAID_0068EBC33FADC4D301_1198360477 Label:T_3WayRoadTilemap SpatiallyLoaded:1 Bounds:IsValid=true, Min=(X=5180.000 Y=700.000 Z=1.000), Max=(X=5180.000 Y=700.000 Z=1.000) RuntimeGrid:None EditorOnly:0 RuntimeOnly:0 HLODRelevant:0
 |   |- [+] Clusters:
 |   |   |- [+] [  0]
 |   |   |   |- Guid:042ED07A403BAF4061873CA41D7A5962 BaseClass: NativeClass:/Script/Engine.VolumetricCloud Name:VolumetricCloud_UAID_A85E45CFE40401D200_1470381760 Label:VolumetricCloud SpatiallyLoaded:0 Bounds:IsValid=true, Min=(X=0.000 Y=0.000 Z=0.000), Max=(X=0.000 Y=0.000 Z=0.000) RuntimeGrid:None EditorOnly:0 RuntimeOnly:0 HLODRelevant:0 FolderPath:Lighting FolderGuid:B7E9BD5B45A652654791988DEF54CCEB
 |   |   |- [+] [  1]
 |   |   |   |- Guid:94100E074774DC70BA23F19035BB68CA BaseClass: NativeClass:/Script/Engine.WorldDataLayers Name:WorldDataLayers Label:WorldDataLayers-1 SpatiallyLoaded:0 Bounds:IsValid=true, Min=(X=0.000 Y=0.000 Z=0.000), Max=(X=0.000 Y=0.000 Z=0.000) RuntimeGrid:None EditorOnly:0 RuntimeOnly:0 HLODRelevant:0
 |   |   |- [+] [  2]
 |   |   |   |- Guid:DD5F8E13479AE3E764ECB69E9F3F01B0 BaseClass: NativeClass:/Script/Engine.DirectionalLight Name:DirectionalLight_UAID_A85E45CFE40401D200_1470382761 Label:DirectionalLight SpatiallyLoaded:0 Bounds:IsValid=true, Min=(X=-4398046511104.000 Y=-4398046511104.000 Z=-4398046511104.000), Max=(X=4398046511104.000 Y=4398046511104.000 Z=4398046511104.000) RuntimeGrid:None EditorOnly:0 RuntimeOnly:0 HLODRelevant:0 FolderPath:Lighting FolderGuid:B7E9BD5B45A652654791988DEF54CCEB
 |   |   |- [+] [  3]
 |   |   |   |- Guid:F0A81FA248537C8B38E3AFA02C83B668 BaseClass:/Game/Blueprint/Spawners_And_Managers/BP_Manager.BP_Manager_C NativeClass:/Script/Engine.Actor Name:BP_Manager_C_UAID_0068EBC33FADA1D301_1228731312 Label:BP_Manager SpatiallyLoaded:1 Bounds:IsValid=true, Min=(X=0.000 Y=-100.000 Z=100.000), Max=(X=0.000 Y=-100.000 Z=100.000) RuntimeGrid:None EditorOnly:0 RuntimeOnly:0 HLODRelevant:0
 |   |   |   |- Guid:42E319CE4D1B868C9B03A7AFF3527B2C BaseClass:/Game/Blueprint/Spawners_And_Managers/BP_Spawner.BP_Spawner_C NativeClass:/Script/Engine.Actor Name:BP_Spawner_C_UAID_0068EBC33FADA1D301_1222726311 Label:BP_Spawner SpatiallyLoaded:1 Bounds:IsValid=true, Min=(X=0.000 Y=700.000 Z=100.000), Max=(X=0.000 Y=700.000 Z=100.000) RuntimeGrid:None EditorOnly:0 RuntimeOnly:0 HLODRelevant:0
 |   |   |- [+] [  4]
 |   |   |   |- Guid:E1EEECF84B86473E841F499A5979B798 BaseClass: NativeClass:/Script/NavigationSystem.RecastNavMesh Name:RecastNavMesh_UAID_6C02E05F2016ACD301-Default Label:RecastNavMesh-Default SpatiallyLoaded:0 Bounds:IsValid=true, Min=(X=0.000 Y=0.000 Z=0.000), Max=(X=0.000 Y=0.000 Z=0.000) RuntimeGrid:None EditorOnly:0 RuntimeOnly:0 HLODRelevant:0
 |   |   |- [+] [  5]
 |   |   |   |- Guid:30A9864B4FC860F7F9A0D79550C7355B BaseClass: NativeClass:/Script/Landscape.Landscape Name:Landscape_UAID_A85E45CFE404FBD100_1221515703 Label:Landscape SpatiallyLoaded:0 Bounds:IsValid=true, Min=(X=-100800.000 Y=-100800.000 Z=100.000), Max=(X=-100800.000 Y=-100800.000 Z=100.000) RuntimeGrid:None EditorOnly:0 RuntimeOnly:0 HLODRelevant:0
 |   |   |- [+] [  6]
 |   |   |   |- Guid:517FC4EF4058CC177B3E50B9F9BB4312 BaseClass: NativeClass:/Script/Engine.SkyAtmosphere Name:SkyAtmosphere_UAID_A85E45CFE40401D200_1470382762 Label:SkyAtmosphere SpatiallyLoaded:0 Bounds:IsValid=true, Min=(X=0.000 Y=0.000 Z=0.000), Max=(X=0.000 Y=0.000 Z=0.000) RuntimeGrid:None EditorOnly:0 RuntimeOnly:0 HLODRelevant:0 FolderPath:Lighting FolderGuid:B7E9BD5B45A652654791988DEF54CCEB
 |   |   |- [+] [  7]
 |   |   |   |- Guid:4EFE5A124804C47FAB0626803B95D6B2 BaseClass: NativeClass:/Script/Engine.ExponentialHeightFog Name:ExponentialHeightFog_UAID_A85E45CFE40401D200_1470382763 Label:ExponentialHeightFog SpatiallyLoaded:0 Bounds:IsValid=true, Min=(X=-5600.000 Y=-50.000 Z=-6850.000), Max=(X=-5600.000 Y=-50.000 Z=-6850.000) RuntimeGrid:None EditorOnly:0 RuntimeOnly:0 HLODRelevant:0 FolderPath:Lighting FolderGuid:B7E9BD5B45A652654791988DEF54CCEB
 |   |   |- [+] [  8]
 |   |   |   |- Guid:2BE7B68D47E288E65FC0849EAF40150C BaseClass: NativeClass:/Script/Landscape.LandscapeStreamingProxy Name:LandscapeStreamingProxy_D7T4VF4LBP34PHV9XOEVM5TIG_1_3_3_0 Label:LandscapeStreamingProxy_3_3_0 SpatiallyLoaded:1 Bounds:IsValid=true, Min=(X=-25200.000 Y=-25200.000 Z=-100.000), Max=(X=0.000 Y=0.000 Z=100.000) RuntimeGrid:None EditorOnly:0 RuntimeOnly:0 HLODRelevant:1
 |   |   |- [+] [  9]
 |   |   |   |- Guid:77156B7845760D95106CEEAC80565519 BaseClass:/Game/Blueprint/Spawners_And_Managers/BP_Spawner.BP_Spawner_C NativeClass:/Script/Engine.Actor Name:BP_Spawner_C_UAID_6C02E05F1EC1A6D301_2127349191 Label:BP_Spawner2 SpatiallyLoaded:1 Bounds:IsValid=true, Min=(X=400.000 Y=800.000 Z=100.000), Max=(X=400.000 Y=800.000 Z=100.000) RuntimeGrid:None EditorOnly:0 RuntimeOnly:0 HLODRelevant:0
 |   |   |- [+] [ 10]
 |   |   |   |- Guid:15A4E0904D159DFD80719FBEC2A70A43 BaseClass: NativeClass:/Script/Paper2D.PaperTileMapActor Name:PaperTileMapActor_UAID_0068EBC33FADC3D301_1508346295 Label:T_RoadTilemap SpatiallyLoaded:1 Bounds:IsValid=true, Min=(X=4540.000 Y=140.000 Z=1.000), Max=(X=4540.000 Y=140.000 Z=1.000) RuntimeGrid:None EditorOnly:0 RuntimeOnly:0 HLODRelevant:0
 |   |   |- [+] [ 11]
 |   |   |   |- Guid:70028CB643D95D3566CED4B03AC74F8A BaseClass: NativeClass:/Script/Paper2D.PaperTileMapActor Name:PaperTileMapActor_UAID_0068EBC33FADC3D301_2075779298 Label:T_RoadTilemap2 SpatiallyLoaded:1 Bounds:IsValid=true, Min=(X=4220.000 Y=140.000 Z=1.000), Max=(X=4220.000 Y=140.000 Z=1.000) RuntimeGrid:None EditorOnly:0 RuntimeOnly:0 HLODRelevant:0
 |   |   |- [+] [ 12]
 |   |   |   |- Guid:6F4986D240721C31CEED6C8F266B2F0A BaseClass: NativeClass:/Script/Paper2D.PaperTileMapActor Name:PaperTileMapActor_UAID_0068EBC33FADC3D301_2083190299 Label:T_RoadTilemap3 SpatiallyLoaded:1 Bounds:IsValid=true, Min=(X=4860.000 Y=140.000 Z=1.000), Max=(X=4860.000 Y=140.000 Z=1.000) RuntimeGrid:None EditorOnly:0 RuntimeOnly:0 HLODRelevant:0
 |   |   |- [+] [ 13]
 |   |   |   |- Guid:BA1B419C4775F48062BC2FA3A890B566 BaseClass: NativeClass:/Script/Paper2D.PaperTileMapActor Name:PaperTileMapActor_UAID_0068EBC33FADC4D301_1160367476 Label:T_CornerRoadTilemap SpatiallyLoaded:1 Bounds:IsValid=true, Min=(X=5420.000 Y=140.000 Z=1.000), Max=(X=5420.000 Y=140.000 Z=1.000) RuntimeGrid:None EditorOnly:0 RuntimeOnly:0 HLODRelevant:0
 |   |   |- [+] [ 14]
 |   |   |   |- Guid:F19040444B09E281D69CE8922C9D67F0 BaseClass: NativeClass:/Script/Paper2D.PaperTileMapActor Name:PaperTileMapActor_UAID_0068EBC33FADC4D301_1198360477 Label:T_3WayRoadTilemap SpatiallyLoaded:1 Bounds:IsValid=true, Min=(X=5180.000 Y=700.000 Z=1.000), Max=(X=5180.000 Y=700.000 Z=1.000) RuntimeGrid:None EditorOnly:0 RuntimeOnly:0 HLODRelevant:0
 |   |   |- [+] [ 15]
 |   |   |   |- Guid:4747B9424B0E1F9BA40ADAA4719C5555 BaseClass: NativeClass:/Script/Paper2D.PaperTileMapActor Name:PaperTileMapActor_UAID_0068EBC33FADCDD301_1146759072 Label:T_TileGameMap SpatiallyLoaded:1 Bounds:IsValid=true, Min=(X=-22000.000 Y=-64000.000 Z=-199.001), Max=(X=42000.000 Y=0.000 Z=201.000) RuntimeGrid:None EditorOnly:0 RuntimeOnly:0 HLODRelevant:0
 |- ContainerInstances:
 |- [+] MainContainer:
 |   |-        ID: 0x0000000000000000
 |   |-    Bounds: IsValid=true, Min=(X=-25200.000 Y=-64000.000 Z=-199.001), Max=(X=42000.000 Y=800.000 Z=201.000)
 |   |- Transform: 0.000000,0.000000,0.000000|0.000000,0.000000,-0.000000|1.000000,1.000000,1.000000
 |   |- Container: /Game/Level/gamesjamtest1
----------------------------------------------------------------------------------------------------------------
gamesjamtest1 - Persistent Level
----------------------------------------------------------------------------------------------------------------
Always loaded Actor Count: 392 

----------------------------------------------------------------------------------------------------------------
gamesjamtest1 - Runtime Spatial Hash - Streaming Grid - MainGrid
----------------------------------------------------------------------------------------------------------------
            Origin: X=0.000 Y=0.000 Z=0.000
         Cell Size: 25600
      World Bounds: IsValid=true, Min=(X=-25200.000 Y=-64000.000 Z=-199.001), Max=(X=42000.000 Y=800.000 Z=201.000)
     Loading Range: 76800.00
Block Slow Loading: No
 ClientOnlyVisible: No

[+] Grid Levels: 4
 |- Level  0: Cell Count    2 | Cell Size   25600 | Actor Count    7 (100.0%)
 |- Level  1: Cell Count    0 | Cell Size   51200 | Actor Count    0 (0.0%)
 |- Level  2: Cell Count    0 | Cell Size  102400 | Actor Count    0 (0.0%)
 |- Level  3: Cell Count    0 | Cell Size  204800 | Actor Count    0 (0.0%)

[+] Content of Grid Level 0
 |- [+] Content of Cell MainGrid_L0_X-1_Y-1
 |   |- Actor Count: 1
 |   |- Actor Path: /Game/Level/gamesjamtest1.gamesjamtest1:PersistentLevel.LandscapeStreamingProxy_D7T4VF4LBP34PHV9XOEVM5TIG_1_3_3_0
 |   |- Actor Package: /Game/__ExternalActors__/Level/gamesjamtest1/E/VW/SHRGL5I6A3F9Z3QL9KGUVC
 |- [+] Content of Cell MainGrid_L0_X0_Y0
 |   |- Actor Count: 6
 |   |- Actor Path: /Game/Level/gamesjamtest1.gamesjamtest1:PersistentLevel.BP_Spawner_C_UAID_6C02E05F1EC1A6D301_2127349191
 |   |- Actor Package: /Game/__ExternalActors__/Level/gamesjamtest1/E/W6/T1D9X9VO74VOSK7PMWVBVJ
 |   |- Actor Path: /Game/Level/gamesjamtest1.gamesjamtest1:PersistentLevel.PaperTileMapActor_UAID_0068EBC33FADC3D301_1508346295
 |   |- Actor Package: /Game/__ExternalActors__/Level/gamesjamtest1/B/IV/6WL0F9QPDIJC9LF3IYK2XU
 |   |- Actor Path: /Game/Level/gamesjamtest1.gamesjamtest1:PersistentLevel.PaperTileMapActor_UAID_0068EBC33FADC3D301_2075779298
 |   |- Actor Package: /Game/__ExternalActors__/Level/gamesjamtest1/0/XA/RRM7D1DVBS7S9E74KN5Y3C
 |   |- Actor Path: /Game/Level/gamesjamtest1.gamesjamtest1:PersistentLevel.PaperTileMapActor_UAID_0068EBC33FADC3D301_2083190299
 |   |- Actor Package: /Game/__ExternalActors__/Level/gamesjamtest1/1/2U/18CSV9ZUXYVGP5GSXDYW90
 |   |- Actor Path: /Game/Level/gamesjamtest1.gamesjamtest1:PersistentLevel.PaperTileMapActor_UAID_0068EBC33FADC4D301_1160367476
 |   |- Actor Package: /Game/__ExternalActors__/Level/gamesjamtest1/4/2B/62ZR6K0SBZ64KCOHE9NH17
 |   |- Actor Path: /Game/Level/gamesjamtest1.gamesjamtest1:PersistentLevel.PaperTileMapActor_UAID_0068EBC33FADC4D301_1198360477
 |   |- Actor Package: /Game/__ExternalActors__/Level/gamesjamtest1/C/94/U4QJK17MB58F9GZNJ9EYS6
[+] Content of Grid Level 1
[+] Content of Grid Level 2
[+] Content of Grid Level 3

